D:\Users\KClifford1\Documents\GitHub\post-process-assignment\PostProcessingArea\Blur_pp.hlsl(71,12-82): warning X3206: implicit truncation of vector type
D:\Users\KClifford1\Documents\GitHub\post-process-assignment\PostProcessingArea\Blur_pp.hlsl(75,14): warning X3078: 'i': loop control variable conflicts with a previous declaration in the outer scope; most recent declaration will be used
D:\Users\KClifford1\Documents\GitHub\post-process-assignment\PostProcessingArea\Blur_pp.hlsl(78,9): warning X3206: implicit truncation of vector type
D:\Users\KClifford1\Documents\GitHub\post-process-assignment\PostProcessingArea\Blur_pp.hlsl(88,12-68): warning X3206: implicit truncation of vector type
  
  compilation object save succeeded; see D:\Users\KClifford1\Documents\GitHub\post-process-assignment\PostProcessingArea\Blur_pp.cso
D:\Users\KClifford1\Documents\GitHub\post-process-assignment\PostProcessingArea\SecondBlur_pp.hlsl(76,12-82): warning X3206: implicit truncation of vector type
D:\Users\KClifford1\Documents\GitHub\post-process-assignment\PostProcessingArea\SecondBlur_pp.hlsl(80,14): warning X3078: 'i': loop control variable conflicts with a previous declaration in the outer scope; most recent declaration will be used
D:\Users\KClifford1\Documents\GitHub\post-process-assignment\PostProcessingArea\SecondBlur_pp.hlsl(83,9): warning X3206: implicit truncation of vector type
D:\Users\KClifford1\Documents\GitHub\post-process-assignment\PostProcessingArea\SecondBlur_pp.hlsl(93,9-65): warning X3206: implicit truncation of vector type
  
  compilation object save succeeded; see D:\Users\KClifford1\Documents\GitHub\post-process-assignment\PostProcessingArea\SecondBlur_pp.cso
  Scene.cpp
D:\Users\KClifford1\Documents\GitHub\post-process-assignment\PostProcessingArea\Scene.cpp(553,77): warning C4305:  'argument': truncation from 'double' to 'float'
D:\Users\KClifford1\Documents\GitHub\post-process-assignment\PostProcessingArea\Scene.cpp(1739,26): warning C4244:  '=': conversion from 'int' to 'float', possible loss of data
D:\Users\KClifford1\Documents\GitHub\post-process-assignment\PostProcessingArea\Scene.cpp(1740,26): warning C4244:  '=': conversion from 'int' to 'float', possible loss of data
D:\Users\KClifford1\Documents\GitHub\post-process-assignment\PostProcessingArea\Scene.cpp(1745,27): warning C4244:  '=': conversion from 'int' to 'float', possible loss of data
D:\Users\KClifford1\Documents\GitHub\post-process-assignment\PostProcessingArea\Scene.cpp(1746,27): warning C4244:  '=': conversion from 'int' to 'float', possible loss of data
D:\Users\KClifford1\Documents\GitHub\post-process-assignment\PostProcessingArea\Scene.cpp(1895,26): warning C4244:  '=': conversion from 'int' to 'float', possible loss of data
D:\Users\KClifford1\Documents\GitHub\post-process-assignment\PostProcessingArea\Scene.cpp(1896,26): warning C4244:  '=': conversion from 'int' to 'float', possible loss of data
D:\Users\KClifford1\Documents\GitHub\post-process-assignment\PostProcessingArea\Scene.cpp(1905,27): warning C4244:  '=': conversion from 'int' to 'float', possible loss of data
D:\Users\KClifford1\Documents\GitHub\post-process-assignment\PostProcessingArea\Scene.cpp(1906,27): warning C4244:  '=': conversion from 'int' to 'float', possible loss of data
D:\Users\KClifford1\Documents\GitHub\post-process-assignment\PostProcessingArea\Scene.cpp(1959,79): warning C4305:  'argument': truncation from 'double' to 'float'
  PostProcessingArea.vcxproj -> D:\Users\KClifford1\Documents\GitHub\post-process-assignment\PostProcessingArea\\PostProcessingArea.exe
