d:\users\kclifford1\desktop\postprocessingarea\x64\debug\vc142.pdb
d:\users\kclifford1\desktop\postprocessingarea\x64\debug\vc142.idb
d:\users\kclifford1\desktop\postprocessingarea\x64\debug\timer.obj
d:\users\kclifford1\desktop\postprocessingarea\x64\debug\graphicshelpers.obj
d:\users\kclifford1\desktop\postprocessingarea\x64\debug\input.obj
d:\users\kclifford1\desktop\postprocessingarea\x64\debug\state.obj
d:\users\kclifford1\desktop\postprocessingarea\x64\debug\mesh.obj
d:\users\kclifford1\desktop\postprocessingarea\x64\debug\shader.obj
d:\users\kclifford1\desktop\postprocessingarea\x64\debug\scene.obj
d:\users\kclifford1\desktop\postprocessingarea\x64\debug\model.obj
d:\users\kclifford1\desktop\postprocessingarea\x64\debug\cvector4.obj
d:\users\kclifford1\desktop\postprocessingarea\x64\debug\cvector3.obj
d:\users\kclifford1\desktop\postprocessingarea\x64\debug\cvector2.obj
d:\users\kclifford1\desktop\postprocessingarea\x64\debug\cmatrix4x4.obj
d:\users\kclifford1\desktop\postprocessingarea\x64\debug\main.obj
d:\users\kclifford1\desktop\postprocessingarea\x64\debug\direct3dsetup.obj
d:\users\kclifford1\desktop\postprocessingarea\x64\debug\camera.obj
d:\users\kclifford1\desktop\postprocessingarea\2dpolygon_pp.cso
d:\users\kclifford1\desktop\postprocessingarea\bloom_pp.cso
d:\users\kclifford1\desktop\postprocessingarea\blur_pp.cso
d:\users\kclifford1\desktop\postprocessingarea\burn_pp.cso
d:\users\kclifford1\desktop\postprocessingarea\cellshading_pp.cso
d:\users\kclifford1\desktop\postprocessingarea\copy_pp.cso
d:\users\kclifford1\desktop\postprocessingarea\depth_pp.cso
d:\users\kclifford1\desktop\postprocessingarea\distort_pp.cso
d:\users\kclifford1\desktop\postprocessingarea\2dquad_pp.cso
d:\users\kclifford1\desktop\postprocessingarea\greynoise_pp.cso
d:\users\kclifford1\desktop\postprocessingarea\heathaze_pp.cso
d:\users\kclifford1\desktop\postprocessingarea\invert_pp.cso
d:\users\kclifford1\desktop\postprocessingarea\retro_pp.cso
d:\users\kclifford1\desktop\postprocessingarea\spiral_pp.cso
d:\users\kclifford1\desktop\postprocessingarea\tintedtexture_ps.cso
d:\users\kclifford1\desktop\postprocessingarea\basictransform_vs.cso
d:\users\kclifford1\desktop\postprocessingarea\pixellighting_ps.cso
d:\users\kclifford1\desktop\postprocessingarea\pixellighting_vs.cso
d:\users\kclifford1\desktop\postprocessingarea\tint_pp.cso
d:\users\kclifford1\desktop\postprocessingarea\underwater _pp.cso
d:\users\kclifford1\desktop\postprocessingarea\postprocessingarea.exe
d:\users\kclifford1\desktop\postprocessingarea\postprocessingarea.ilk
d:\users\kclifford1\desktop\postprocessingarea\postprocessingarea.pdb
d:\users\kclifford1\desktop\postprocessingarea\\postprocessingarea.pdb
d:\users\kclifford1\desktop\postprocessingarea\\postprocessingarea.exe
d:\users\kclifford1\desktop\postprocessingarea\\postprocessingarea.ilk
d:\users\kclifford1\desktop\postprocessingarea\x64\debug\postproc.662ac157.tlog\cl.command.1.tlog
d:\users\kclifford1\desktop\postprocessingarea\x64\debug\postproc.662ac157.tlog\cl.read.1.tlog
d:\users\kclifford1\desktop\postprocessingarea\x64\debug\postproc.662ac157.tlog\cl.write.1.tlog
d:\users\kclifford1\desktop\postprocessingarea\x64\debug\postproc.662ac157.tlog\fxc.command.1.tlog
d:\users\kclifford1\desktop\postprocessingarea\x64\debug\postproc.662ac157.tlog\fxc.read.1.tlog
d:\users\kclifford1\desktop\postprocessingarea\x64\debug\postproc.662ac157.tlog\fxc.write.1.tlog
d:\users\kclifford1\desktop\postprocessingarea\x64\debug\postproc.662ac157.tlog\link.command.1.tlog
d:\users\kclifford1\desktop\postprocessingarea\x64\debug\postproc.662ac157.tlog\link.read.1.tlog
d:\users\kclifford1\desktop\postprocessingarea\x64\debug\postproc.662ac157.tlog\link.write.1.tlog
